[  000000]niiaizg grp bss cpse
   0.000 Inialin cgrp bsyscp
   0.000 Iniiazig cgupubsy cact[  0.00000Liux vrsn .40-6-neri(bldd@cy-ad64-5)gcc eron5.4.200609Ubtu 5.0ubunu16.4.10 )17-Uun SP Wed r  0:0:0UT209 (Uun 44.1417-genri4..177
[   .00000Comandin BOO_IAG=/oo/vmluz4..0-1-gerc ooLAEL=clodi-rotfsrocoole=tycoso=tS0
[  000000]KEELsuord cps:[   0.0000  ntelennentel
[  000000]  D AuenicD
[   .000]   enurentarHul
[    00000 x6/pu Lgay 87FP dteted.
[   000000e80:BIOSpridd physca RM ap:[  00000BIOS82 [em 000000000000x00000009bf] usble[  00000BIOSe8: me 0x000000000009fc00-0x000000000009ffff] reserved
[    0.000000] BIOS-82: me 0x000000000f0000x00000000fff] reserved
[    0.000000] BIOS-e820: [mem 0x0000000000100000-x00000001ffeffff] usable
[    0.000000] BIS-820: [mem 0x000000001fff0000-0x000000001fffffff] ACPI data
[   0.0000 BIOSe80:[mm 0x000000fec00000-0x00000000fec00fff] reserved
[    0.000000] BIOS-e820: [mem 0x00000000fee00000-0x00000000fee00fff] reserved
[    0.000000] BIOS-e820: [m 0x000000ffc00000x00000fffffff]reered
   00000] N (ecte Disabe)prtetion: activ
   0000000] SMBIOS 2.5 present.
[    0.000000] Hypervisor detected: KVM
[    0.000000] e820: last_pfn = 0x1ff0 max_arch_pfn = 0x400000000
[    0.000000] MTRR: Disabled
[    0.000000] x86/AT MTRR disabled, skipping PAT initialization too.
[    0.000000] CPU TRs llblnk - virtualized system.
[     0.000000] x86/PAT: Configuration [0-7]: WB  WT  UC- UC  WB  WT  U- C 
    0.00000] found SMP MP-table at [mem 0x0009fff0-0x0009ffff] maped at[fff880009ff]
[    0.000000] Scanning 1 areas for low memory corruption
[    0.000000] RAMDISK: [mem 0x1e9a6000-0x1f81ffff]
[    0.000000] ACPI Erl tble heksm erification disabled
[    0.0000] PI: RSDP x0000000E0000 0024(v2 VBO  
   000000] CP: SD 0x0000001FF030 00003C (v01 VBOX   VBOXXST 00001 SL  00006)
[  0.0000 ACPI: FACP 0x000000001FFF00F0 0000F4 (v04 VBOX   VBOXFACP 00000001 ASL  00000061)
[    0.000000] ACPI: DSDT 0x000000001FFF0470 0021FF (v02 VBOX   VBOXBIOS 00000002 INTL 20100528)
[    0.000000] ACPI: FACS 0x000000001FFF0200 00000[   0.0000]ACI: AC 000000001FFF0200 000040
[    0.000000]ACI:APC 0x000000001FF24 00005C (v2 BO  VBOXAPIC 00000001 ASL  00000061)
[    0.000000] ACPI: SSDT 0x00000001FFA0 0001CC (v1 OX  VBXCUT0000002 INTL 20100528)
[    0.000000] No NUMA configuration foud[   0.000000] Faking a node at [mem 0x0000000000000000-0x000000001ffeffff]
[    0.000000] NODE_DATA(0) allocated [mem 0x1ffeb000-0x1ffeffff]
[   0.0000 kvm-coc: sig mss b54d1 an 456d0
    0.000000] kvm-clock: cpu 0, msr 0:1fe00, rimarycp coc
    0.0000]kv-clock: using sched offset of 4166603097 cycles
[    0.000000] clocksource: kvm-clock: mask: 0xffffffffffffffff max_cycles: 0x1cd42e4dffb, max_idle_ns: 881590591483 ns
[    0.0000 Zne ranges:
[    0.000000]   DMA      [mem 0x00000000000000-0000000000ffffff]
[    0.000000]  DA3   [me 00000000100000-00000001ffeffff]
[    0.000000]   Normal   empty
[    0.000000]   Device  emty
[    0.00000] Movable zone start for each node
[    0.000000]Ealymeory node rngs[    0.0000  node   0: [mem 0x0000000000001000-0x000000000009efff]
[    0.000000]   node   0: [mem 0x0000000000100000-0x000000001ffeffff]
[    0.000000] Initmem setup node 0 [mem 0x00000000000000-00000001fefff

[    0.000000] ACPI: PM-Timer IO Port: 0x4008
[    0.000000]IOPI[0: apicid2,vesion 3, ddes 0xfe000,GSI 023
[    0.0000] ACPI: NTSR_OR (bus  bs_rq0 glba_iq  dl dfl)
[    0.000000] ACPII: INT_SRC_OVR (bus 0 bus_irq 9 global_irq 9 low level)
[   0.0000 Using ACPI (MADT) for SMP configuration information
[    0.000000] smbot:Alowing 2 CPUs, 0 hotplug CPUs
[    0.000000] PM: Reistered nosave meory: [mem 0x00000000-0x00000fff]
[    0.000000] PM: Registerd noave emry [mem x00900-0x0009ffff]
[    0.000000] PM: Registered nosave memory: [mem 0x000a0000-0x000effff]
[    0.000000] PM: Registered nosave memory: [mem 0x000f0000-0x000fffff]
[    0.000000] e820: [mem 0x20000000-0xfebfffff] available for PCI devices
[    0.000000] Booting paravirtualized kernel on KVM
[    0.000000] clocksource: refined-jiffie mk: 0xffffffma_cycle: xffffff, mx_dl_n: 764519001168 ns
   000000] stu_prcu: NR_PU:52 r_pumask_bis:12nrcpu_ds2 r_ode_ids:1
[    0.000000] PERCPU:Emeded34 pages/cpu @ffff88001fc00000 s99480 r8192 d31592 u1048576
[    0.000000] Built 1 zonelists in Node order, mobility grouping on.  Total pages: 128888
[    0.00000]Poicy zone: DMA32
[   0.0000]Kenel commandlie:BOT_IMAE=bot/mlnuz-4.4.0-146-generic root=LABEL=cloudimg-rootfs ro console=tty cnslettyS0
[    0.000000] PID hash table entries: 2048 (order: 2, 634 byts)
[    0.000000] Memory: 481656K/523832K available (8609K kernel code, 1334K rwdata, 4028K rodata, 1484K init, 1284K bss, 42176K reserved, 0K cma-reserved
   000000]SLB:HWlign=64, Order=0-3, MinObjects=0, CPUs=2, Nodes=1
[    0.000000] Kernel/User page tables isolation: enabled
[    0.000000] Hierarchical RCU implementation.
[    0.000000] 	Build-time adjustment of leaf fanout to 64.
[    0.000000] 	RCU restricting CPUs from NR_CPUS=512 to nr_cpu_ids=2.
[    0.0000]CU: Adjusting geometry for rcu_fanout_leaf=64, nr_cpu_ids=2
[    0.000000] NR_IRQS:33024 nr_irqs:440 16
[    0.000000] Conol: lor VGA+ 80x25
[    0.000000] console [tty1] enableed
[    0.000000] console [ttyS0] enabled
[   .00000] tsc: Detected 3462.326 MHz processor
[    9.126597] Calibrating delay loop (skipped) preset value.. 6924.65 BogoMIPS (lpj=13849304)
[    9.139620] pid_max: default: 32768 minimum: 301
[    9.141338] ACPI: Core revision 20150930
[    9.144203] ACPI: 2 ACPI AML tables successfully acquired and loaded
[    9.165244] Security Framework initialized
[    9.168128] Yama: becoming mindful.
[    9.181276] AppArmor: AppArmor initialized
[    9.225129] Dentry cache hash table entries: 65536 (order: 7, 524288 bytes)
[    9.227620] Inode-cache hash table entries: 32768 (order: 6, 262144 bytes)
[    9.230191] Mount-cache hash table entries: 1024 (order: 1, 8192 bytes)
[    9.234167] Mountpoint-cache hash table entries: 1024 (order: 1, 8192 bytes)
[    9.236820] Initializing cgroup subsys io
[    9.238350] Initializing cgroup subsys memory
[    9.240015] Initializing cgroup subsys devices
[    9.249748] Initializing cgroup subsys freezer
[    9.255726] Initializing cgroup subsys net_cls
[    9.272099] Initializing cgroup subsys perf_event
[    9.297134] Initializing cgroup subsys net_prio
[    9.316533] Initializing cgroup subsys hugetlb
[    9.321090] Initializing cgroup subsys pids
[    9.325781] mce: CPU supports 0 MCE banks
[    9.327414] Last level iTLB entries: 4KB 512, 2MB 7, 4MB 7
[    9.336844] Last level dTLB entries: 4KB 512, 2MB 32, 4MB 32, 1GB 0
[    9.353289] Spectre V2 : Mitigation: Full generic retpoline
[    9.355176] Spectre V2 : Spectre v2 / SpectreRSB mitigation: Filling RSB on context switch
[    9.366188] Speculative Store Bypass: Vulnerable
[    9.379305] Freeing SMP alternatives memory: 36K
[    9.392541] ftrace: allocating 32287 entries in 127 pages
[    9.498930] smpboot: APIC(0) Converting physical 0 to logical package 0
[    9.541581] smpboot: Max logical packages: 1
[    9.542961] x2apic enabled
[    9.554587] Switched APIC routing to physical x2apic.
[    9.558253] ..TIMER: vector=0x30 apic1=0 pin1=2 apic2=-1 pin2=-1
[    9.672162] smpboot: CPU0: Intel(R) Xeon(R) CPU           X5690  @ 3.47GHz (family: 0x6, model: 0x2c, stepping: 0x2)
[    9.678715] Performance Events: unsupported p6 CPU model 44 no PMU driver, software events only.
[    9.688004] KVM setup paravirtual spinlock
[    9.691364] x86: Booting SMP configuration:
[    9.696788] .... node  #0, CPUs:      #1
[    9.700619] kvm-clock: cpu 1, msr 0:1ffe3041, secondary cpu clock
[    9.706548] mce: CPU supports 0 MCE banks
[    9.712717] x86: Booted up 1 node, 2 CPUs
[    9.717867] smpboot: Total of 2 processors activated (13849.30 BogoMIPS)
[    9.738161] devtmpfs: initialized
[    9.747882] evm: security.selinux
[    9.754277] evm: security.SMACK64
[    9.756925] evm: security.SMACK64EXEC
[    9.761771] evm: security.SMACK64TRANSMUTE
[    9.762858] evm: security.SMACK64MMAP
[    9.769488] evm: security.ima
[    9.784575] evm: security.capability
[    9.799965] clocksource: jiffies: mask: 0xffffffff max_cycles: 0xffffffff, max_idle_ns: 7645041785100000 ns
[    9.817302] futex hash table entries: 512 (order: 3, 32768 bytes)
[    9.829395] pinctrl core: initialized pinctrl subsystem
[    9.836113] RTC time: 14:15:54, date: 06/07/19
[    9.850739] NET: Registered protocol family 16
[    9.876992] cpuidle: using governor ladder
[    9.901353] cpuidle: using governor menu
[    9.925134] PCCT header not found.
[    9.926187] ACPI: bus type PCI registered
[    9.927264] acpiphp: ACPI Hot Plug PCI Controller Driver version: 0.5
[    9.929028] PCI: Using configuration type 1 for base access
[    9.942032] ACPI: Added _OSI(Module Device)
[    9.950035] ACPI: Added _OSI(Processor Device)
[    9.951209] ACPI: Added _OSI(3.0 _SCP Extensions)
[    9.952427] ACPI: Added _OSI(Processor Aggregator Device)
[    9.954562] ACPI: Executed 1 blocks of module-level executable AML code
[    9.981800] ACPI: Interpreter enabled
[    9.987517] ACPI: (supports S0 S5)
[    9.993901] ACPI: Using IOAPIC for interrupt routing
[    9.997272] PCI: Using host bridge windows from ACPI; if necessary, use "pci=nocrs" and report a bug
[   10.003676] ACPI: PCI Root Bridge [PCI0] (domain 0000 [bus 00-ff])
[   10.017855] acpi PNP0A03:00: _OSC: OS supports [ASPM ClockPM Segments MSI]
[   10.022129] acpi PNP0A03:00: _OSC: not requesting OS control; OS requires [ExtendedConfig ASPM ClockPM MSI]
[   10.041561] acpi PNP0A03:00: fail to add MMCONFIG information, can't access extended PCI configuration space under this bridge.
[   10.050017] PCI host bridge to bus 0000:00
[   10.069974] pci_bus 0000:00: root bus resource [io  0x0000-0x0cf7 window]
[   10.083091] pci_bus 0000:00: root bus resource [io  0x0d00-0xffff window]
[   10.093155] pci_bus 0000:00: root bus resource [mem 0x000a0000-0x000bffff window]
[   10.105279] pci_bus 0000:00: root bus resource [mem 0x20000000-0xfdffffff window]
[   10.112917] pci_bus 0000:00: root bus resource [bus 00-ff]
[   10.127671] pci 0000:00:01.1: legacy IDE quirk: reg 0x10: [io  0x01f0-0x01f7]
[   10.152517] pci 0000:00:01.1: legacy IDE quirk: reg 0x14: [io  0x03f6]
[   10.181576] pci 0000:00:01.1: legacy IDE quirk: reg 0x18: [io  0x0170-0x0177]
[   10.192173] pci 0000:00:01.1: legacy IDE quirk: reg 0x1c: [io  0x0376]
[   10.216838] pci 0000:00:07.0: quirk: [io  0x4000-0x403f] claimed by PIIX4 ACPI
[   10.238396] pci 0000:00:07.0: quirk: [io  0x4100-0x410f] claimed by PIIX4 SMB
[   10.277876] ACPI: PCI Interrupt Link [LNKA] (IRQs 5 9 10 *11)
[   10.299932] ACPI: PCI Interrupt Link [LNKB] (IRQs 5 9 *10 11)
[   10.306517] ACPI: PCI Interrupt Link [LNKC] (IRQs 5 *9 10 11)
[   10.322396] ACPI: PCI Interrupt Link [LNKD] (IRQs 5 9 10 *11)
[   10.334092] ACPI: Enabled 2 GPEs in block 00 to 07
[   10.347037] vgaarb: setting as boot device: PCI:0000:00:02.0
[   10.374061] vgaarb: device added: PCI:0000:00:02.0,decodes=io+mem,owns=io+mem,locks=none
[   10.410447] vgaarb: loaded
[   10.417166] vgaarb: bridge control possible 0000:00:02.0
[   10.427829] SCSI subsystem initialized
[   10.451095] ACPI: bus type USB registered
[   10.459038] usbcore: registered new interface driver usbfs
[   10.475465] usbcore: registered new interface driver hub
[   10.481074] usbcore: registered new device driver usb
[   10.490516] PCI: Using ACPI for IRQ routing
[   10.492467] NetLabel: Initializing
[   10.499198] NetLabel:  domain hash size = 128
[   10.510791] NetLabel:  protocols = UNLABELED CIPSOv4
[   10.519439] NetLabel:  unlabeled traffic allowed by default
[   10.531269] amd_nb: Cannot enumerate AMD northbridges
[   10.546293] clocksource: Switched to clocksource kvm-clock
[  1.5730]ApAror AppArorFilesystemEnbled
[   10.875440] pnp: PnP CP iit
[   10.966980] pnp: PP CP: ou 3deic
[  1.1646]clckouce apipm msk 0ffff mx_yces 0ffff, axide_s: 2085701024 ns
[   11.824319] NET: Registered protocol family 2
[   1.2552 TP stblished hash table entries: 4096 (order: 3, 32768 bytes)
[   11.9780]TC bndhah able entries: 4096 (order: 4, 65536 bytes)
[   12.149246] TCP: Hash tables configured (established 4096 bind 4096)
[   12.150836] UDP hshtaleenris: 256 (order: 1, 8192 bytes)
[   12.279697] UDP-Lite hash table entries: 256 (order: 1, 8192 bytes)
[   12.281291] NET: Registered protocol family 1
[   12.282446] pci 0000:00:00.0: Limiting direct PCI/PCI transfers
[   12.283981] pci 0000:00:01.0: Activating ISA DMA hang workarounds
[ 12.303896] Unpacking initramfs...

[   12.953626] Freeing initrd memory: 14824K
[   12.961097] platform rtc_cmos: registered platform RTC device (no PNP device found)
[   12.964984] Scanning for low memory corruption every 60 seconds
[   12.968848] audit: initializing netlink subsys (disabled)
[   12.983448] audit: type=2000 audit(1559916952.635:1): initialized
[   13.003206] Initialise system trusted keyring
[   13.011853] HugeTLB registered 2 MB page size, pre-allocated 0 pages
[   13.018160] zbud: loaded
[   13.028054] VFS: Disk quotas dquot_6.6.0
[   13.029144] VFS: Dquot-cache hash table entries: 512 (order 0, 4096 bytes)
[   13.039243] squashfs: version 4.0 (2009/01/31) Phillip Lougher
[   13.052433] fuse init (API version 7.23)
[   13.053681] Key type big_key registered
[   13.054761] Allocating IMA MOK and blacklist keyrings.
[   13.081994] Key type asymmetric registered
[   13.100025] Asymmetric key parser 'x509' registered
[   13.112702] Block layer SCSI generic (bsg) driver version 0.4 loaded (major 249)
[   13.128401] io scheduler noop registered
[   13.137385] io scheduler deadline registered (default)
[   13.145029] io scheduler cfq registered
[   13.149029] pci_hotplug: PCI Hot Plug PCI Core version: 0.5
[   13.150444] pciehp: PCI Express Hot Plug Controller Driver version: 0.4
[   13.160678] ACPI: AC Adapter [AC] (on-line)
[   13.182851] input: Power Button as /devices/LNXSYSTM:00/LNXPWRBN:00/input/input0
[   13.184779] ACPI: Power Button [PWRF]
[   13.192525] input: Sleep Button as /devices/LNXSYSTM:00/LNXSLPBN:00/input/input1
[   13.196015] ACPI: Sleep Button [SLPF]
[   13.197214] GHES: HEST is not enabled!
[   13.198396] Serial: 8250/16550 driver, 32 ports, IRQ sharing enabled
[   13.223865] 00:02: ttyS0 at I/O 0x3f8 (irq = 4, base_baud = 115200) is a 16550A
[  1.2608]Liuxaggat ntrfcev010
[   13.579383] loop: module loaded
[   13.583000] scsi host0: ata_piix
[   13.585276] scsi host1: ata_piix
[   13.586216] ata1: PATA max UDMA/33 cmd 0x1f0 ctl 0x3f6 bmdma 0xd000 irq 14
[   13.589929] ata2: PATA max UDMA/33 cmd 0x170 ctl 0x376 bmdma 0xd008 irq 15
[   13.599330] libphy: Fixed MDIO Bus: probed
[   13.602465] tun: Universal TUN/TAP device driver, 1.6
[   13.614073] tun: (C) 1999-2004 Max Krasnyansky <maxk@qualcomm.com>
[   13.621066] PPP generic driver version 2.4.2
[   13.627673] ehci_hcd: USB 2.0 'Enhanced' Host Controller (EHCI) Driver
[   13.635238] ehci-pci: EHCI PCI platform driver
[   13.639212] ehci-platform: EHCI generic platform driver
[   13.643992] ohci_hcd: USB 1.1 'Open' Host Controller (OHCI) Driver
[   13.648302] ohci-pci: OHCI PCI platform driver
[   13.652048] ohci-platform: OHCI generic platform driver
[   13.662507] uhci_hcd: USB Universal Host Controller Interface driver
[   13.679577] i8042: PNP: PS/2 Controller [PNP0303:PS2K,PNP0f03:PS2M] at 0x60,0x64 irq 1,12
[   13.685107] serio: i8042 KBD port at 0x60,0x64 irq 1
[   13.686944] serio: i8042 AUX port at 0x60,0x64 irq 12
[   13.690824] mousedev: PS/2 mouse device common for all mice
[   13.693617] input: AT Translated Set 2 keyboard as /devices/platform/i8042/serio0/input/input2
[   13.696956] rtc_cmos rtc_cmos: rtc core: registered rtc_cmos as rtc0
[   13.699631] rtc_cmos rtc_cmos: alarms up to one day, 114 bytes nvram
[   13.716504] i2c /dev entries driver
[   13.717529] device-mapper: uevent: version 1.0.3
[   13.718870] device-mapper: ioctl: 4.34.0-ioctl (2015-10-28) initialised: dm-devel@redhat.com
[   13.729740] ledtrig-cpu: registered to indicate activity on CPUs
[   13.731825] NET: Registered protocol family 10
[   13.735956] NET: Registered protocol family 17
[   13.749136] Key type dns_resolver registered
[   13.756582] registered taskstats version 1
[   13.757684] Loading compiled-in X.509 certificates
[   13.759675] Loaded X.509 cert 'Build time autogenerated kernel key: 4dcb2dc2c7cf43e0c20c44384f68683c20294489'
[   13.762191] zswap: loaded using pool lzo/zbud
[   13.773599] Key type trusted registered
[   13.780277] Key type encrypted registered
[   13.790636] AppArmor: AppArmor sha1 policy hashing enabled
[   13.804459] ima: No TPM chip found, activating TPM-bypass!
[   13.806966] ima: Allocated hash algorithm: sha1
[   13.811812] evm: HMAC attrs: 0x1
[   13.840729]   Magic number: 7:728:282
[   13.841753] tty tty19: hash matches
[   13.843921] rtc_cmos rtc_cmos: setting system clock to 2019-06-07 14:15:58 UTC (1559916958)
[   13.862553] BIOS EDD facility v0.16 2004-Jun-25, 0 devices found
[   13.879481] EDD information not available.
[   13.884986] Freeing unused kernel memory: 1484K
[   13.902384] Write protecting the kernel read-only data: 14336k
[   13.912630] Freeing unused kernel memory: 1620K
[   13.913985] Freeing unused kernel memory: 68K
Loading, please wait...
starting version[   13.928320] random: systemd-udevd: uninitialized urandom read (16 bytes read, 2 bits of entropy available)
 229
[   13.928749] random: udevadm: uninitialized urandom read (16 bytes read, 2 bits of entropy available)
[   13.928771] random: udevadm: uninitialized urandom read (16 bytes read, 2 bits of entropy available)
[   13.966282] random: udevadm: uninitialized urandom read (16 bytes read, 2 bits of entropy available)
[   13.966368] random: udevadm: uninitialized urandom read (16 bytes read, 2 bits of entropy available)
[   13.966529] random: udevadm: uninitialized urandom read (16 bytes read, 2 bits of entropy available)
[   13.966591] random: udevadm: uninitialized urandom read (16 bytes read, 2 bits of entropy available)
[   13.966654] random: udevadm: uninitialized urandom read (16 bytes read, 2 bits of entropy available)
[   13.966718] random: udevadm: uninitialized urandom read (16 bytes read, 2 bits of entropy available)
[   13.966828] random: udevadm: uninitialized urandom read (16 bytes read, 2 bits of entropy available)
[   14.124677] tsc: Refined TSC clocksource calibration: 3463.155 MHz
[   14.131177] clocksource: tsc: mask: 0xffffffffffffffff max_cycles: 0x31eb5b08203, max_idle_ns: 440795347649 ns
[   14.172031] e1000: Intel(R) PRO/1000 Network Driver - version 7.3.21-k8-NAPI
[   14.181326] e1000: Copyright (c) 1999-2006 Intel Corporation.
[   14.187004] Fusion MPT base driver 3.04.20
[   14.189425] Copyright (c) 1999-2008 LSI Corporation
[   14.200175] Fusion MPT SPI Host driver 3.04.20
[   14.216414] SSE version of gcm_enc/dec engaged.
[   14.395732] input: ImExPS/2 Generic Explorer Mouse as /devices/platform/i8042/serio1/input/input4
[   14.599358] e1000 0000:00:03.0 eth0: (PCI:33MHz:32-bit) 02:9b:bc:73:96:26
[   14.609278] e1000 0000:00:03.0 eth0: Intel(R) PRO/1000 Network Connection
[   14.611675] mptbase: ioc0: Initiating bringup
[   14.675235] ioc0: LSI53C1030 A0: Capabilities={Initiator}
[   14.840862] scsi host2: ioc0: LSI53C1030 A0, FwRev=00000000h, Ports=1, MaxQ=256, IRQ=20
[   14.983137] scsi 2:0:0:0: Direct-Access     VBOX     HARDDISK         1.0  PQ: 0 ANSI: 5
[   15.014710] scsi target2:0:0: Beginning Domain Validation
[   15.019364] scsi target2:0:0: Domain Validation skipping write tests
[   15.023156] scsi target2:0:0: Ending Domain Validation
[   15.025675] scsi target2:0:0: asynchronous
[   15.030461] scsi 2:0:1:0: Direct-Access     VBOX     HARDDISK         1.0  PQ: 0 ANSI: 5
[   15.034776] scsi target2:0:1: Beginning Domain Validation
[   15.038179] scsi target2:0:1: Domain Validation skipping write tests
[   15.040894] scsi target2:0:1: Ending Domain Validation
[   15.042279] scsi target2:0:1: asynchronous
[   15.059372] sd 2:0:0:0: Attached scsi generic sg0 type 0
[   15.062024] sd 2:0:0:0: [sda] 20971520 512-byte logical blocks: (10.7 GB/10.0 GiB)
[   15.067954] sd 2:0:1:0: [sdb] 20480 512-byte logical blocks: (10.5 MB/10.0 MiB)
[   15.072381] sd 2:0:1:0: Attached scsi generic sg1 type 0
[   15.076207] sd 2:0:1:0: [sdb] Write Protect is off
[   15.079086] sd 2:0:0:0: [sda] Write Protect is off
[   15.083507] sd 2:0:1:0: [sdb] Incomplete mode parameter data
[   15.085572] sd 2:0:1:0: [sdb] Assuming drive cache: write through
[   15.098757] sd 2:0:0:0: [sda] Incomplete mode parameter data
[   15.101293] sd 2:0:0:0: [sda] Assuming drive cache: write through
[   15.106121]  sda: sda1
[   15.108676] sd 2:0:0:0: [sda] Attached SCSI disk
[   15.110451] sd 2:0:1:0: [sdb] Attached SCSI disk
[   15.388106] e1000 0000:00:08.0 eth1: (PCI:33MHz:32-bit) 08:00:27:35:04:f0
[   15.399914] e1000 0000:00:08.0 eth1: Intel(R) PRO/1000 Network Connection
[   15.408751] e1000 0000:00:03.0 enp0s3: renamed from eth0
[   15.423169] e1000 0000:00:08.0 enp0s8: renamed from eth1
Begin: Loading essential drivers ... [   16.726324] md: linear personality registered for level -1
[   16.730470] md: multipath personality registered for level -4
[   16.747742] md: raid0 personality registered for level 0
[   16.754867] md: raid1 personality registered for level 1
[   16.826829] raid6: sse2x1   gen()  8465 MB/s
[   16.902918] raid6: sse2x1   xor()  6597 MB/s
[   16.998544] raid6: sse2x2   gen()  7786 MB/s
[   17.074396] raid6: sse2x2   xor()  7709 MB/s
[   17.150422] raid6: sse2x4   gen() 11292 MB/s
[   17.230737] raid6: sse2x4   xor()  7769 MB/s
[   17.236715] raid6: using algorithm sse2x4 gen() 11292 MB/s
[   17.240541] raid6: .... xor() 7769 MB/s, rmw enabled
[   17.242206] raid6: using ssse3x2 recovery algorithm
[   17.248625] xor: measuring software checksum speed
[   17.299012]    prefetch64-sse: 15261.000 MB/sec
[   17.346338]    generic_sse: 13403.000 MB/sec
[   17.355576] xor: using function: prefetch64-sse (15261.000 MB/sec)
[   17.361049] async_tx: api initialized (async)
[   17.374578] md: raid6 personality registered for level 6
[   17.381294] md: raid5 personality registered for level 5
[   17.386745] md: raid4 personality registered for level 4
[   17.402841] md: raid10 personality registered for level 10
done.
Begin: Running /scripts/init-premount ... done.
Begin: Mounting root file system ... Begin: Running /scripts/local-top ... done.
Begin: Running /scripts/local-premount ... [   17.441585] Btrfs loaded
Scanning for Btrfs filesystems
done.
Warning: fsck no[   17.481934] EXT4-fs (sda1): mounted filesystem with ordered data mode. Opts: (null)
t present, so skipping root file system
done.
Begin: Running /scripts/local-bottom ... done.
Begin: Running /scripts/init-bottom ... done.
[   7.9318 sstmd1] systemd 29 unning in system mode. (+PAM +AUDIT +SELINUX +IMA +APPARMOR +SMACK +SYSVINIT +UTMP +LIBCRYPTSETUP +GCRYPT +GNUTLS +ACL +XZ -LZ4 +SECCOMP +BLKID +ELFUTILS +KMOD -IDN)
[   17.827987] systemd[1]: Detected virtualization oracle.
[   17.840700] systemd[1]: Detected architecture x86-64.

Welcome to [1mUbuntu 16.04.6 LTS[0m!

[   17.855855] systemd[1]: Set hostname to <ubuntu>.
[   17.869006] systemd[1]: Initializing machine ID from random generator.
[   17.870637] systemd[1]: Installed transient /etc/machine-id file.
[   18.008005] systemd[1]: Reached target System Time Synchronized.
[[0;32m  OK  [0m] Reached target System Time Synchronized.
[   18.027918] systemd[1]: Reached target Swap.
[[0;32m  OK  [0m] Reached target Swap.
[   18.031075] systemd[1]: Listening on udev Control Socket.
[[0;32m  OK  [0m] Listening on udev Control Socket.
[   18.053535] systemd[1]: Reached target Encrypted Volumes.
[[0;32m  OK  [0m] Reached target Encrypted Volumes.
[   18.063852] systemd[1]: Listening on Journal Socket.
[[0;32m  OK  [0m] Listening on Journal Socket.
[   18.084790] systemd[1]: Listening on /dev/inittlCompatibility Named Pipe.
[[0;32m  OK  [0m] Listening on /dev/initctl Compatibility Named Pipe.
[   18.149613] systemd[1]: Set up automount Arbitrary Executable File Formats File System Automount Point.
[[0;32m  OK  [0m] Set up automount Arbitrary Executab...ats File System Automount Point.
[  1.1491]syted[]:Litening on udev Kernel Socket.

[[0;32m  OK  [0m] Listening on udev Kernel Socket.
[   18.411621] systemd[1]: Listening on Syslog Socket.
[[0;32m  OK  [0m] Listening on Syslog Socket.
[   18.416566] systemd[1]: Listening on Journal Socket (/dev/log).
[[0;32m  OK  [0m] Listening on Journal Socket (/dev/log).
[   18.425533] systemd[1]: Started Trigger resolvconf update for networkd DNS.
[[0;32m  OK  [0m] Started Trigger resolvconf update for networkd DNS.
[   18.442901] systemd[1]: Listening on Journal Audit Socket.
[[0;32m  OK  [0m] Listening on Journal Audit Socket.
[   18.449344] systemd[1]: Listening on LVM2 metadata daemon socket.
[[0;32m  OK  [0m] Listening on LVM2 metadata daemon socket.
[   18.470942] systemd[1]: Reached target User and Group Name Lookups.
[[0;32m  OK  [0m] Reached target User and Group Name Lookups.
[   18.493533] systemd[1]: Created slice User and Session Slice.
[[0;32m  OK  [0m] Created slice User and Session Slice.
[   18.497197] systemd[1]: Listening on Device-mapper event daemon FIFOs.
[[0;32m  OK  [0m] Listening on Device-mapper event daemon FIFOs.
[   18.501164] systemd[1]: Listening on LVM2 poll daemon socket.
[[0;32m  OK  [0m] Listening on LVM2 poll daemon socket.
[   18.515110] systemd[1]: Started Forward Password Requests to Wall Directory Watch.
[[0;32m  OK  [0m] Started Forward Password Requests to Wall Directory Watch.
[   18.536037] systemd[1]: CreatedslceSyte Sic.
[[0;32m  OK  [0m] Created slice System Slice.
[   18.739178] systemd[1]: Mounting Debug File System...
         Mounting Debug File System...
[   18.759581] systemd[1]: Starting Create list of required static device nodes for the current kernel...
         Starting Create list of required st... nodes for the current kernel...
[   18.766095] systemd[1]: Starting Set console keymap...
         Starting Set console keymap...
[   18.774196] systemd[1]: Starting Load Kernel Modules...
         Starting Load Kernel Modules...
[   18.776953] systemd[1]: Reached target Slices.
[[0;32m  OK  [0m] Reached target Slices.
[   18.780655] systemd[1]: Starting Journal Service...
         Starting Journal Service...
[   18.791618] Loading iSCSI transport class v2.0-870.
[   18.823330] systemd[1]: Starting Uncomplicated firewall...
         Starting Uncomplicated firewall...
[   18.846260] systemd[1]: Created slice system-serial\x2dgetty.slice.
[[0;32m  OK  [[   18.850206] iscsi: registered transport (tcp)
0m] Created slice system-serial\x2dgetty.slice.
[   18.878690] systemd[1]: Mounting Huge Pages File System...
         Mounting Huge Pages File System...
[   18.886705] iscsi: registered transport (iser)
[   18.887789] systemd[1]: Starting Monitoring of LVM2 mirrors, snapshots etc. using dmeventd or progress polling...
         Starting Monitoring of LVM2 mirrors... dmeventd or progress polling...
[   8.929949] systemd[1]: Mounting POSIX Message Queue File System...
         Mounting POSIX Message Queue File System...
[   18.977366] systemd[1]: Starting Nameserver information manager...
         Starting Nameserver information manager...
[   19.038733] systemd[1]: Starting Remount Root and Kernel File Systems...
         Starting Remount Root and Kernel File Systems...
[   19.056901] EXT4-fs (sda1): re-mounted. Opts: (null)
[   19.069903] systemd[1]: Mounted POSIX Message Queue File System.
[[0;32m  OK  [0m] Mounted POSIX Message Queue File System.
[   19.095900] systemd[1]: Mounted Debug File System.
[[0;32m  OK  [0m] Mounted Debug File System.
[  1.19409] systemd[1]: Mounted Huge Pages File System.
[[0;32m  OK  [0m ] Mounted Huge Pages File System.
[   19.217921] systemd[1]: Started Journal Service.
[[0;32m  OK  [0m] Started Journal Service.
[[0;32m  OK  [0m] Started Create list of required sta...ce nodes for the current kernel.
[[0;32m  OK  [0m] Started Set console keymap.
[[0;32m  OK  [0m] Started Load Kernel Modules.
[[0;32m  OK  [0m] Started Uncomplicated firewall.
[[0;32m  OK  [0m] Started Remount Root and Kernel File Systems.
[[0;32m  OK  [0m] Started Nameserver information manager.
[[0;32m  OK  [0m] Started LVM2 metadata daemon.
         Starting Load/Save Random Seed...
         Starting udev Coldplug all Devices...
[   19.837777] random: nonblocking pool is initialized
         Mounting FUSE Control File System...
         Starting Apply Kernel Variables...
         Starting Create Static Device Nodes in /dev...
         Starting Flush Journal to Persistent Storage...
[[0;32m  OK  [0m] Mounted FUSE Control File System.
[[0;32m  OK  [0m] Started Load/Save Random Seed.
[[0;32m  OK  [0m] Started Apply Kernel Variables.
[[0;32m  OK  [0m] Started Create Static Device Nodes in /dev.
[[0;32m  OK  [0m] Started udev Coldplug all Devices.
         Starting udev Kernel Device Manager...
[[0;32m  OK  [0m] Started Flush Journal to Persistent Storage.
[[0;32m  OK  [0m] Started udev Kernel Device Manager.
[[0;32m  OK  [0m] Started Dispatch Password Requests to Console Directory Watch.
[[0;32m  OK  [0m] Started Monitoring of LVM2 mirrors,...ng dmeventd or progress polling.
[[0;32m  OK  [0m] Reached target Local File Systems (Pre).
[[0;32m  OK  [0m] Reached target Local File Systems.
         Starting LSB: AppArmor initialization...
         Starting Create Volatile Files and Directories...
         Starting Set console font and keymap...
         Starting Commit a transient machine-id on disk...
         Starting Initial cloud-init job (pre-networking)...
         Starting Tell Plymouth To Write Out Runtime Data...
[[0;32m  OK  [0m] Started Create Volatile Files and Directories.
[[0;32m  OK  [0m] Started Commit a transient machine-id on disk.
[[0;32m  OK  [0m] Started Tell Plymouth To Write Out Runtime Data.
[[0;32m  OK  [0m] Found device /dev/ttyS0.
[[0;32m  OK  [0m] Listening on Load/Save RF Kill Switch Status /dev/rfkill Watch.
         Starting Update UTMP about System Boot/Shutdown...
[[0;32m  OK  [0m] Started Update UTMP about System Boot/Shutdown.
[[0;32m  OK  [0m] Started LSB: AppArmor initialization.
[   12.783543] cloud-init[514]: Cloud-init v. 18.5-45-g3554ffe8-0ubuntu1~16.04.1 running 'init-local' at Fri, 07 Jun 2019 14:16:06 +0000. Up 12.26 seconds.
[[0;32m  OK  [0m] Started Initial cloud-init job (pre-networking).
[[0;32m  OK  [0m] Reached target Network (Pre).
         Starting Raise network interfaces...
[[0;32m  OK  [0m] Started Set console font and keymap.
[[0;32m  OK  [0m] Created slice system-getty.slice.
[[0;32m  OK  [0m] Started Raise network interfaces.
[[0;32m  OK  [0m] Reached target Network.
         Starting Initial cloud-init job (metadata service crawler)...
[   14.116342] cloud-init[951]: Cloud-init v. 18.5-45-g3554ffe8-0ubuntu1~16.04.1 running 'init' at Fri, 07 Jun 2019 14:16:08 +0000. Up 13.46 seconds.
[   14.122361] cloud-init[951]: ci-info: ++++++++++++++++++++++++++++++++++++++Net device info+++++++++++++++++++++++++++++++++++++++
[   14.139129] cloud-init[951]: ci-info: +--------+-------+----------------------------+---------------+--------+-------------------+
[   14.145764] cloud-init[951]: ci-info: | Device |   Up  |          Address           |      Mask     | Scope  |     Hw-Address    |
[   14.150507] cloud-init[951]: ci-info: +--------+-------+----------------------------+---------------+--------+-------------------+
[   14.156824] cloud-init[951]: ci-info: | enp0s3 |  True |         10.0.2.15          | 255.255.255.0 | global | 02:9b:bc:73:96:26 |
[   14.173792] [cloud-init[0;32m  OK  [0m[951]: ] ci-info: | enp0s3 |  True | fe80::9b:bcff:fe73:9626/64 |       .       |  link  | 02:9b:bc:73:96:26 |Started Initial cloud-init job (metadata service crawler).

[   14.174490] cloud-init[951]: ci-info: | enp0s8 | False |             .              |       .       |   .    | 08:00:27:35:04:f0 |
[   14.221013] [cloud-init[0;32m  OK  [0m[951]: ] ci-info: |   lo   |  True |         127.0.0.1          |   255.0.0.0   |  host  |         .         |Reached target Cloud-config availability.

[   14.221743] [cloud-init[0;32m  OK  [0m[951]: ] ci-info: |   lo   |  True |          ::1/128           |       .       |  host  |         .         |Reached target System Initialization.

[[0;32m  OK  [0m] Listening on ACPID Listen Socket.
[[0;32m  OK  [0m] Started Daily apt download activities.
[   14.241352] cloud-init[951]: ci-info: +--------+-------+----------------------------+---------------+--------+-------------------+
[   14.302208] [cloud-init[0;32m  OK  [0m[951]: ] ci-info: +++++++++++++++++++++++++++Route IPv4 info++++++++++++++++++++++++++++Started ACPI Events Check.

[[0;32m  OK  [0m] Reached target Paths.
[[0;32m  OK  [0m] Listening on D-Bus System Message Bus Socket.
[   14.302959] cloud-init[951]: ci-info: +-------+-------------+----------+---------------+-----------+-------+
[   14.398694] [[0;32m  OK  [0m] Listening on UUID daemon activation socket.
cloud-init         Starting LXD - unix socket.
[[0;32m  OK  [0m] Started Daily apt upgrade and clean activities.
[[0;32m  OK  [0m] Started Daily Cleanup of Temporary Directories.
[951]: ci-info: | Route | Destination | Gateway  |    Genmask    | Interface | Flags |
[   14.416209] [[0;32m  OK  [0m] Reached target Timers.
         Starting Socket activation for snappy daemon.
[[0;32m  OK  [0m] Reached target Network is Online.
cloud-init[951]: ci-info: +-------+-------------+----------+---------------+-----------+-------+
[   14.429710] cloud-init[951]: ci-info: |   0   |   0.0.0.0   | 10.0.2.2 |    0.0.0.0    |   enp0s3  |   UG  |
[   14.434470] cloud-init[951]: ci-info: |   1   |   10.0.2.0  | 0.0.0.0  | 255.255.255.0 |   enp0s3  |   U   |
[   14.444274]          cloud-initStarting iSCSI initiator daemon (iscsid)...[951]: 
ci-info: +-------+-------------+----------+---------------+-----------+-------+
[   14.453446] [cloud-init[0;32m  OK  [0m[951]: ] ci-info: +++++++++++++++++++Route IPv6 info+++++++++++++++++++Listening on LXD - unix socket.

[   14.469932] [[0;32m  OK  [0m] Listening on Socket activation for snappy daemon.
cloud-init[951]: ci-info: +-------+-------------+---------+-----------+-------+
[   14.482052] cloud-init[951]: ci-info: | Route | Destination | Gateway | Interface | Flags |
[   14.488286] [[0;32m  OK  [0m] Started iSCSI initiator daemon (iscsid).
cloud-init[951]: ci-info: +-------+-------------+---------+-----------+-------+
[   14.495187]          cloud-initStarting Login to default iSCSI targets...[951]: 
ci-info: |   0   |  fe80::/64  |    ::   |   enp0s3  |   U   |
[[0;32m  OK  [0m] Reached target Sockets.
[[0;32m  OK  [0m] Reached target Basic System.
[   14.506736] cloud-init[951]: ci-info: |   3   |   ff00::/8  |    ::   |   enp0s3  |   U   |
[   14.541106] [cloud-init[0;32m  OK  [0m[951]: ] ci-info: +-------+-------------+---------+-----------+-------+Started Deferred execution scheduler.

[   14.541824] cloud-init[951]: Generating public/private rsa key pair.
[   14.568823]          cloud-initStarting LSB: MD monitoring daemon...[951]: 
Your identification has been saved in /etc/ssh/ssh_host_rsa_key.
[   14.576449]          cloud-initStarting /etc/rc.local Compatibility...[951]: 
Your public key has been saved in /etc/ssh/ssh_host_rsa_key.pub.
[   14.588240]          cloud-initStarting Login Service...[951]: 
The key fingerprint is:
[   14.604439]          Starting Accounts Service...
cloud-init[951]: SHA256:sRuUxv8GHGzgRyWBFnGDZkE4mKQjfXetK7qAkhnFWGY root@ubuntu-xenial
[   14.609700] cloud-init[951]: The key's randomart image is:
[   14.610205] cloud-init[951]: +---[RSA 2048]----+
[[0;32m  OK  [0m] Started Regular background program processing daemon.
[   14.610563] cloud-init[951]: |  E..o o***o.    |
[   14.628272] cloud-init[951]: | B .o oo*B o     |
[   14.630385] cloud-init[951]: |o * . .=O *      |
[   14.633734] cloud-init[951]: | o o . + O .     |
[   14.635234] cloud-init[951]: |.       S +      |
[   14.638393] cloud-init[951]: | =       + o     |
[   14.646485] cloud-init[951]: |= .   . o   o    |
[   14.646941] cloud-init[951]: |.  . . .   .     |
         Starting LSB: Record successful boot for GRUB...
[   14.647245] cloud-init[951]: |    o.           |
[   14.693238] cloud-init[951]: +----[SHA256]-----+
[   14.693756] cloud-init[951]: Generating public/private dsa key pair.
[[0;32m  OK  [0m] Started FUSE filesystem for LXC.
[   14.694089] cloud-init[951]: Your identification has been saved in /etc/ssh/ssh_host_dsa_key.
[[0;32m  OK  [0m[   14.738687] ] cloud-initStarted D-Bus System Message Bus.[951]: 
Your public key has been saved in /etc/ssh/ssh_host_dsa_key.pub.
[   14.747005] cloud-init[951]: The key fingerprint is:
[   14.768556] cloud-init[951]: SHA256:lC8+UHhM2DE9MpdJ8rZbovKv89XrPhvfKkKe/YEzI5c root@ubuntu-xenial
         Starting System Logging Service...
[   14.768816] cloud-init[951]: The key's randomart image is:
[   14.783544] cloud-init[951]: +---[DSA 1024]----+
[   14.783969] cloud-init[951]: |       o=+.o     |
         Starting Virtualbox guest utils...
[   14.784507] cloud-init[951]: |      .++=*      |
[   14.823183] cloud-init[951]: |      . *+o.     |
[   14.840546] cloud-init[951]: |       + o .     |
[   14.840986] [cloud-init[0;32m  OK  [0m[951]: ] |      . S + .    |Started ACPI event daemon.

[   14.841430] cloud-init[951]: |       o o.+ +   |
[   14.864984] cloud-init[951]: |      . +oooE +  |
[   14.869560] cloud-init[951]: |       o..++o+.=.|
[   14.873643] cloud-init[951]: |        o=o. =B+o|
[   14.874066] cloud-init[951]: +----[SHA256]-----+
         Starting Snappy daemon...
         Starting Pollinate to seed the pseudo random number generator...
[   14.891754] cloud-init[951]: Generating public/private ecdsa key pair.
         [   14.905877] cloud-init[951]: Your identification has been saved in /etc/ssh/ssh_host_ecdsa_key.
[   14.906875] cloud-init[951]: Your public key has been saved in /etc/ssh/ssh_host_ecdsa_key.pub.
Starting LXD - container startup/shutdown...
[   14.907455] cloud-init[951]: The key fingerprint is:
[   15.015506] cloud-init[951]: SHA256:fKdBlC3usKxED3rLSuMCNSJrfHKbJTdkoON3n5hpYnw root@ubuntu-xenial
[[0;32m  OK  [0m] Started System Logging Service.
[   15.015929] cloud-init[951]: The key's randomart image is:
[   15.174451] cloud-init[951]: +---[ECDSA 256]---+
[   15.175337] cloud-init[951]: |          .o     |
[   15.175405] cloud-init[951]: |   .     .o .    |
[   15.175467] cloud-init[951]: |  . .    ...     |
[   15.175528] cloud-init[951]: |ooo  oo....      |
[   15.175589] cloud-init[951]: |++..oo +S+o .    |
[   15.175650] cloud-init[951]: |o= =.=o +..+     |
[   15.175712] cloud-init[951]: |..* X+*o. .      |
[   15.175856] cloud-init[951]: |  .O E+o         |
[   15.175932] cloud-init[951]: |  ..*.           |
[   15.175994] cloud-init[951]: +----[SHA256]-----+
[   15.176062] cloud-init[951]: Generating public/private ed25519 key pair.
[   15.176231] cloud-init[951]: Your identification has been saved in /etc/ssh/ssh_host_ed25519_key.
[   15.176612] cloud-init[951]: Your public key has been saved in /etc/ssh/ssh_host_ed25519_key.pub.
[   15.176723] cloud-init[951]: The key fingerprint is:
[   15.176796] cloud-init[951]: SHA256:R3XQIaarCB0gDurHwU3icTvzgSnn+oeSfOr8DH7Uyw8 root@ubuntu-xenial
[   15.176908] cloud-init[951]: The key's randomart image is:
[   15.176983] cloud-init[951]: +--[ED25519 256]--+
[   15.177054] cloud-init[951]: |. .o.o      =oo. |
[   15.177124] cloud-init[951]: |.oo.*.+    + o.  |
[[0;32m  OK  [0m] Started /etc/rc.local Compatibility.
[   15.177999] cloud-init[951]: |. .= O..  o      |
[   15.709077] cloud-init[951]: |. . =.+... .     |
[   15.771032] cloud-init[951]: | . o..o.S o      |
[   15.777060] cloud-init[951]: |  . .o o o       |
[   15.783347] cloud-init[951]: |  .oo +Eo        |
[   15.789362] cloud-init[951]: |  o+++ +.        |
[   15.789861] cloud-init[951]: |  .=*+. ..       |
[[0;32m  OK  [0m] Started Login to default iSCSI targets.
[[0;32m  OK  [0m] Started LSB: MD monitoring daemon.
[   15.790702] cloud-init[951]: +----[SHA256]-----+
[[0;32m  OK  [0m] Started LXD - container startup/shutdown.
[[0;32m  OK  [0m] Started Snappy daemon.
[[0;32m  OK  [0m] Started LSB: Record successful boot for GRUB.
[[0;32m  OK  [0m] Started Login Service.
[[0;32m  OK  [0m] Started Unattended Upgrades Shutdown.
         Starting Authenticate and Authorize Users to Run Privileged Tasks...
         Starting Wait until snapd is fully seeded...
[[0;32m  OK  [0m] Reached target Remote File Systems (Pre).
[[0;32m  OK  [0m] Reached target Remote File Systems.
         Starting LSB: daemon to balance interrupts for SMP systems...
         Starting LSB: Set the CPU Frequency Scaling governor to "ondemand"...
         Starting LSB: automatic crash report generation...
         Starting Permit User Sessions...
[[0;32m  OK  [0m] Started Virtualbox guest utils.
[[0;32m  OK  [0m] Started Permit User Sessions.
[[0;32m  OK  [0m] Started Authenticate and Authorize Users to Run Privileged Tasks.
[[0;32m  OK  [0m] Started Accounts Service.
         Starting Hold until boot process finishes up...
         Starting Terminate Plymouth Boot Screen...
[[0;32m  OK  [0m] Started LSB: Set the CPU Frequency Scaling governor to "ondemand".
[[0;32m  OK  [0m] Started LSB: automatic crash report generation.
[[0;32m  OK  [0m] Started LSB: daemon to balance interrupts for SMP systems.
[[0;32m  OK  [0m] Started Hold until boot process finishes up.
[[0;32m  OK  [0m] Started Terminate Plymouth Boot Screen.
[[0;32m  OK  [0m] Started Getty on tty1.
         Starting Set console scheme...
[[0;32m  OK  [0m] Started Serial Getty on ttyS0.
[[0;32m  OK  [0m] Reached target Login Prompts.
[[0;32m  OK  [0m] Started Set console scheme.
[[0;32m  OK  [0m] Started Pollinate to seed the pseudo random number generator.
         Starting OpenBSD Secure Shell server...
[[0;32m  OK  [0m] Started OpenBSD Secure Shell server.
[[0;32m  OK  [0m] Created slice User Slice of vagrant.
         Starting User Manager for UID 1000...
[[0;32m  OK  [0m] Started Session 1 of user vagrant.
[[0;32m  OK  [0m] Started User Manager for UID 1000.
         Starting Snappy daemon...
[[0;32m  OK  [0m] Started Snappy daemon.
[[0;32m  OK  [0m] Started Wait until snapd is fully seeded.
         Starting Apply the settings specified in cloud-config...
[[0;32m  OK  [0m] Reached target Multi-User System.
[[0;32m  OK  [0m] Reached target Graphical Interface.
         Starting Update UTMP about System Runlevel Changes...
[[0;32m  OK  [0m] Started Update UTMP about System Runlevel Changes.
[   21.503221] cloud-init[1445]: Generating locales (this might take a while)...

Ubuntu 16.04.6 LTS ubuntu-xenial ttyS0

ubuntu-xenial login: [   24.239656] cloud-init[1445]:   en_US.UTF-8... done
[   24.240464] cloud-init[1445]: Generation complete.
[   24.578217] cloud-init[1445]: Cloud-init v. 18.5-45-g3554ffe8-0ubuntu1~16.04.1 running 'modules:config' at Fri, 07 Jun 2019 14:16:16 +0000. Up 21.36 seconds.
ci-info: no authorized ssh keys fingerprints found for user ubuntu.
<14>Jun  7 14:16:19 ec2: 
<14>Jun  7 14:16:19 ec2: #############################################################
<14>Jun  7 14:16:19 ec2: -----BEGIN SSH HOST KEY FINGERPRINTS-----
<14>Jun  7 14:16:19 ec2: 1024 SHA256:lC8+UHhM2DE9MpdJ8rZbovKv89XrPhvfKkKe/YEzI5c root@ubuntu-xenial (DSA)
<14>Jun  7 14:16:19 ec2: 256 SHA256:fKdBlC3usKxED3rLSuMCNSJrfHKbJTdkoON3n5hpYnw root@ubuntu-xenial (ECDSA)
<14>Jun  7 14:16:19 ec2: 256 SHA256:R3XQIaarCB0gDurHwU3icTvzgSnn+oeSfOr8DH7Uyw8 root@ubuntu-xenial (ED25519)
<14>Jun  7 14:16:19 ec2: 2048 SHA256:sRuUxv8GHGzgRyWBFnGDZkE4mKQjfXetK7qAkhnFWGY root@ubuntu-xenial (RSA)
<14>Jun  7 14:16:19 ec2: -----END SSH HOST KEY FINGERPRINTS-----
<14>Jun  7 14:16:19 ec2: #############################################################
-----BEGIN SSH HOST KEY KEYS-----
ecdsa-sha2-nistp256 AAAAE2VjZHNhLXNoYTItbmlzdHAyNTYAAAAIbmlzdHAyNTYAAABBBPiEvdaAv95jE2XA22/po2E614B4/AxgusQIsE8GuXHYyUpUeAF9JzfbpUVOK8ktq55Bk8pUBChdDttHjT1JygU= root@ubuntu-xenial
ssh-ed25519 AAAAC3NzaC1lZDI1NTE5AAAAICplohWmugVjxdDMDjwYARVk4mHMnVkp76qpOMwAOkvq root@ubuntu-xenial
ssh-rsa AAAAB3NzaC1yc2EAAAADAQABAAABAQCrNgUGdPh3+LB3z9l28PjJIyF6WSyB4sSSUsNpcB7RV5aoJ+Cw8IY8kxajQa03tWDreqUoQkYSj35NJT/OUeLgWHJWU21QqBwVcm9avJmoaM3VuRCYSNLzqaIHM7EmYpS/P7XF+ONdYK/mmt/AN9WWVebdlLEIso7oNQNEUnjeGuDWHj1cZDCpHwknu1ucc1LaJSIzcwGoUR+8B/DedMmcWX2yg1FvYWC/Cy5cTJ8HjyAEGJD5fJMHJ9dDdnxVFiU2sy6AtLbDkUNEWb1StqfKaHSXuKVkSIF2AyVlmZ6+hmherk712IvAekZSZmO0sOPBmHM26wbsmHitq5QXsqlL root@ubuntu-xenial
-----END SSH HOST KEY KEYS-----
[   25.118375] cloud-init[1627]: Cloud-init v. 18.5-45-g3554ffe8-0ubuntu1~16.04.1 running 'modules:final' at Fri, 07 Jun 2019 14:16:19 +0000. Up 24.96 seconds.
[   25.119177] cloud-init[1627]: ci-info: no authorized ssh keys fingerprints found for user ubuntu.
[   25.119340] cloud-init[1627]: Cloud-init v. 18.5-45-g3554ffe8-0ubuntu1~16.04.1 finished at Fri, 07 Jun 2019 14:16:19 +0000. Datasource DataSourceNoCloud [seed=/dev/sdb][dsmode=net].  Up 25.10 seconds
